<?xml version="1.0" encoding="UTF-8"?>
<!-- Generated by org.testng.reporters.JUnitReportReporter -->
<testsuite skipped="0" hostname="YP1009100LT" name="rnd.JsonDataBaseRead2" tests="9" failures="0" timestamp="24 Jul 2020 11:07:50 GMT" time="0.099" errors="0">
  <testcase name="dataTest" time="0.060" classname="rnd.JsonDataBaseRead2"/>
  <testcase name="dataTest" time="0.004" classname="rnd.JsonDataBaseRead2"/>
  <testcase name="dataTest" time="0.005" classname="rnd.JsonDataBaseRead2"/>
  <testcase name="dataTest" time="0.006" classname="rnd.JsonDataBaseRead2"/>
  <testcase name="dataTest" time="0.004" classname="rnd.JsonDataBaseRead2"/>
  <testcase name="dataTest" time="0.005" classname="rnd.JsonDataBaseRead2"/>
  <testcase name="dataTest" time="0.003" classname="rnd.JsonDataBaseRead2"/>
  <testcase name="dataTest" time="0.007" classname="rnd.JsonDataBaseRead2"/>
  <testcase name="dataTest" time="0.005" classname="rnd.JsonDataBaseRead2"/>
</testsuite> <!-- rnd.JsonDataBaseRead2 -->
