<?xml version="1.0" encoding="UTF-8"?>
<!-- Generated by org.testng.reporters.JUnitReportReporter -->
<testsuite skipped="0" hostname="YP1009100DT" name="com.test.PocTest2" tests="3" failures="0" timestamp="21 Jun 2020 10:40:04 GMT" time="200.051" errors="0">
  <testcase name="test" time="63.814" classname="com.test.PocTest2"/>
  <testcase name="test" time="69.502" classname="com.test.PocTest2"/>
  <testcase name="test" time="66.735" classname="com.test.PocTest2"/>
</testsuite> <!-- com.test.PocTest2 -->
