<?xml version="1.0" encoding="UTF-8"?>
<!-- Generated by org.testng.reporters.JUnitReportReporter -->
<testsuite skipped="0" hostname="YP1009100DT" name="com.test.PocTest3" tests="1" failures="0" timestamp="21 Jun 2020 10:43:33 GMT" time="67.878" errors="0">
  <testcase name="test" time="67.878" classname="com.test.PocTest3"/>
</testsuite> <!-- com.test.PocTest3 -->
