<?xml version="1.0" encoding="UTF-8"?>
<!-- Generated by org.testng.reporters.JUnitReportReporter -->
<testsuite skipped="0" hostname="YP1009100DT" name="com.test.PocTest" tests="1" failures="0" timestamp="21 Jun 2020 10:27:52 GMT" time="58.022" errors="0">
  <testcase name="test" time="58.022" classname="com.test.PocTest"/>
</testsuite> <!-- com.test.PocTest -->
