<?xml version="1.0" encoding="UTF-8"?>
<!-- Generated by org.testng.reporters.JUnitReportReporter -->
<testsuite skipped="0" hostname="YP1009100LT" name="rnd.JsonDataProvider" tests="2" failures="0" timestamp="23 Jul 2020 13:29:44 GMT" time="0.132" errors="0">
  <testcase name="dataTest" time="0.005" classname="rnd.JsonDataProvider"/>
  <testcase name="dataTest" time="0.127" classname="rnd.JsonDataProvider"/>
</testsuite> <!-- rnd.JsonDataProvider -->
