<?xml version="1.0" encoding="UTF-8"?>
<!-- Generated by org.testng.reporters.JUnitReportReporter -->
<testsuite skipped="0" hostname="YP1009100DT" name="com.test.BlueGreenEnergyValidationTest" tests="1" failures="0" timestamp="25 Jun 2020 09:55:09 GMT" time="72.394" errors="0">
  <testcase name="test" time="72.394" classname="com.test.BlueGreenEnergyValidationTest"/>
</testsuite> <!-- com.test.BlueGreenEnergyValidationTest -->
