<?xml version="1.0" encoding="UTF-8"?>
<!-- Generated by org.testng.reporters.JUnitReportReporter -->
<testsuite skipped="0" hostname="YP1009100DT" name="com.test.BlueGreenEnergyDataDrivenTest" tests="3" failures="0" timestamp="25 Jun 2020 09:50:10 GMT" time="203.390" errors="0">
  <testcase name="test" time="66.228" classname="com.test.BlueGreenEnergyDataDrivenTest"/>
  <testcase name="test" time="70.047" classname="com.test.BlueGreenEnergyDataDrivenTest"/>
  <testcase name="test" time="67.115" classname="com.test.BlueGreenEnergyDataDrivenTest"/>
</testsuite> <!-- com.test.BlueGreenEnergyDataDrivenTest -->
