<?xml version="1.0" encoding="UTF-8"?>
<!-- Generated by org.testng.reporters.JUnitReportReporter -->
<testsuite skipped="0" hostname="YP1009100LT" name="com.test2.Smoke_Test" tests="3" failures="0" timestamp="23 Jul 2020 10:45:10 GMT" time="0.159" errors="0">
  <testcase name="test1_Smoke" time="0.146" classname="com.test2.Smoke_Test"/>
  <testcase name="test2_Smoke" time="0.006" classname="com.test2.Smoke_Test"/>
  <testcase name="test3_Smoke" time="0.007" classname="com.test2.Smoke_Test"/>
</testsuite> <!-- com.test2.Smoke_Test -->
