<?xml version="1.0" encoding="UTF-8"?>
<!-- Generated by org.testng.reporters.JUnitReportReporter -->
<testsuite skipped="0" hostname="YP1009100LT" name="rnd.JsonDataBaseRead" tests="9" failures="0" timestamp="23 Jul 2020 13:36:53 GMT" time="0.212" errors="0">
  <testcase name="dataTest" time="0.164" classname="rnd.JsonDataBaseRead"/>
  <testcase name="dataTest" time="0.005" classname="rnd.JsonDataBaseRead"/>
  <testcase name="dataTest" time="0.008" classname="rnd.JsonDataBaseRead"/>
  <testcase name="dataTest" time="0.005" classname="rnd.JsonDataBaseRead"/>
  <testcase name="dataTest" time="0.007" classname="rnd.JsonDataBaseRead"/>
  <testcase name="dataTest" time="0.006" classname="rnd.JsonDataBaseRead"/>
  <testcase name="dataTest" time="0.004" classname="rnd.JsonDataBaseRead"/>
  <testcase name="dataTest" time="0.006" classname="rnd.JsonDataBaseRead"/>
  <testcase name="dataTest" time="0.007" classname="rnd.JsonDataBaseRead"/>
</testsuite> <!-- rnd.JsonDataBaseRead -->
