<?xml version="1.0" encoding="UTF-8"?>
<!-- Generated by org.testng.reporters.JUnitReportReporter -->
<testsuite skipped="0" hostname="YP1009100LT" name="com.test2.Smoke_Test2" tests="3" failures="0" timestamp="23 Jul 2020 10:45:10 GMT" time="0.012" errors="0">
  <testcase name="test1_Smoke2" time="0.005" classname="com.test2.Smoke_Test2"/>
  <testcase name="test2_Smoke2" time="0.001" classname="com.test2.Smoke_Test2"/>
  <testcase name="test3_Smoke2" time="0.006" classname="com.test2.Smoke_Test2"/>
</testsuite> <!-- com.test2.Smoke_Test2 -->
