<?xml version="1.0" encoding="UTF-8"?>
<!-- Generated by org.testng.reporters.JUnitReportReporter -->
<testsuite skipped="0" hostname="YP1009100LT" name="com.test2.Smoke_Test" tests="3" failures="0" timestamp="24 Jul 2020 11:13:25 GMT" time="0.135" errors="0">
  <testcase name="test1_Smoke" time="0.131" classname="com.test2.Smoke_Test"/>
  <testcase name="test2_Smoke" time="0.001" classname="com.test2.Smoke_Test"/>
  <testcase name="test3_Smoke" time="0.003" classname="com.test2.Smoke_Test"/>
</testsuite> <!-- com.test2.Smoke_Test -->
